Using pre-set license
Built from '2020.3/release' branch; Version is '2020.3.2f1 (8fd9074bf66c) revision 9427207'; Using compiler version '192528614'; Build Type 'Release'
OS: 'Windows 10 Home Single Language; OS build 19041.1052; Version 2004; 64bit' Language: 'tr' Physical Memory: 16268 MB
BatchMode: 1, IsHumanControllingUs: 0, StartBugReporterOnCrash: 0, Is64bit: 1, IsPro: 0

 COMMAND LINE ARGUMENTS:
D:\UnityEngines\2020.3.2f1\Editor\Unity.exe
-adb2
-batchMode
-noUpm
-name
AssetImportWorker0
-projectPath
C:/Users/dNura/Desktop/desktop/Beykent Uni 2. Sınıf/Unity/TheWielder
-logFile
Logs/AssetImportWorker0.log
-srvPort
49186
Successfully changed project path to: C:/Users/dNura/Desktop/desktop/Beykent Uni 2. Sınıf/Unity/TheWielder
C:/Users/dNura/Desktop/desktop/Beykent Uni 2. Sınıf/Unity/TheWielder
Using Asset Import Pipeline V2.
Refreshing native plugins compatible for Editor in 80.93 ms, found 1 plugins.
Preloading 0 native plugins for Editor in 0.00 ms.
Initialize engine version: 2020.3.2f1 (8fd9074bf66c)
[Subsystems] Discovering subsystems at path D:/UnityEngines/2020.3.2f1/Editor/Data/Resources/UnitySubsystems
[Subsystems] Discovering subsystems at path C:/Users/dNura/Desktop/desktop/Beykent Uni 2. Sınıf/Unity/TheWielder/Assets
GfxDevice: creating device client; threaded=0
Direct3D:
    Version:  Direct3D 11.0 [level 11.1]
    Renderer: NVIDIA GeForce GTX 1050 (ID=0x1c8d)
    Vendor:   
    VRAM:     4021 MB
    Driver:   27.21.14.6627
Shader 'Universal Render Pipeline/Particles/Lit': fallback shader 'Universal Render Pipeline/Particles/SimpleLit' not found
Initialize mono
Mono path[0] = 'D:/UnityEngines/2020.3.2f1/Editor/Data/Managed'
Mono path[1] = 'D:/UnityEngines/2020.3.2f1/Editor/Data/MonoBleedingEdge/lib/mono/unityjit'
Mono config path = 'D:/UnityEngines/2020.3.2f1/Editor/Data/MonoBleedingEdge/etc'
Using monoOptions --debugger-agent=transport=dt_socket,embedding=1,server=y,suspend=n,address=127.0.0.1:56696
Begin MonoManager ReloadAssembly
Registering precompiled unity dll's ...
Register platform support module: D:/UnityEngines/2020.3.2f1/Editor/Data/PlaybackEngines/WindowsStandaloneSupport/UnityEditor.WindowsStandalone.Extensions.dll
Registered in 0.001426 seconds.
Native extension for WindowsStandalone target not found
Refreshing native plugins compatible for Editor in 102.86 ms, found 1 plugins.
Preloading 0 native plugins for Editor in 0.00 ms.
Invoked RoslynAnalysisRunner static constructor.
RoslynAnalysisRunner will not be running.
RoslynAnalysisRunner has terminated.
Mono: successfully reloaded assembly
- Completed reload, in  1.655 seconds
Platform modules already initialized, skipping
Registering precompiled user dll's ...
Registered in 0.002813 seconds.
Begin MonoManager ReloadAssembly
Native extension for WindowsStandalone target not found
Refreshing native plugins compatible for Editor in 102.26 ms, found 1 plugins.
Preloading 0 native plugins for Editor in 0.00 ms.
Invoked RoslynAnalysisRunner static constructor.
RoslynAnalysisRunner will not be running.
RoslynAnalysisRunner has terminated.
Mono: successfully reloaded assembly
- Completed reload, in  1.630 seconds
Platform modules already initialized, skipping
========================================================================
Worker process is ready to serve import requests
Shader 'Universal Render Pipeline/Particles/Lit': fallback shader 'Universal Render Pipeline/Particles/SimpleLit' not found
Launched and connected shader compiler UnityShaderCompiler.exe after 0.13 seconds
Refreshing native plugins compatible for Editor in 1.19 ms, found 1 plugins.
Preloading 0 native plugins for Editor in 0.00 ms.
Unloading 3007 Unused Serialized files (Serialized files now loaded: 0)
System memory in use before: 136.7 MB.
System memory in use after: 136.8 MB.

Unloading 25 unused Assets to reduce memory usage. Loaded Objects now: 3461.
Total: 3.481400 ms (FindLiveObjects: 0.465000 ms CreateObjectMapping: 0.290500 ms MarkObjects: 2.476900 ms  DeleteObjects: 0.247700 ms)

========================================================================
Received Import Request.
  path: Assets/Scenes/Level3.unity
  artifactKey: Guid(dedf6628a8b6ff2429d72a24cabc5e40) Importer(815301076,1909f56bfc062723c751e8b465ee728b)
Start importing Assets/Scenes/Level3.unity using Guid(dedf6628a8b6ff2429d72a24cabc5e40) Importer(815301076,1909f56bfc062723c751e8b465ee728b)  -> (artifact id: '5a0c1aa4df9895719830d285886b93d7') in 0.028439 seconds
  Import took 0.034465 seconds .

========================================================================
Received Import Request.
  Time since last request: 0.000278 seconds.
  path: Assets/Scenes/Level2.unity
  artifactKey: Guid(b78634c437dd3bf47b5db1c187ab0d51) Importer(815301076,1909f56bfc062723c751e8b465ee728b)
Start importing Assets/Scenes/Level2.unity using Guid(b78634c437dd3bf47b5db1c187ab0d51) Importer(815301076,1909f56bfc062723c751e8b465ee728b)  -> (artifact id: '3467e81162ee6f88fb78fb28f8dac4bb') in 0.007206 seconds
  Import took 0.018048 seconds .

========================================================================
Received Import Request.
  Time since last request: 0.000518 seconds.
  path: Assets/Scenes/Level4.unity
  artifactKey: Guid(3566728396623854d91a83736c08c05d) Importer(815301076,1909f56bfc062723c751e8b465ee728b)
Start importing Assets/Scenes/Level4.unity using Guid(3566728396623854d91a83736c08c05d) Importer(815301076,1909f56bfc062723c751e8b465ee728b)  -> (artifact id: '20c4120430d843f89188ab685a437579') in 0.012081 seconds
  Import took 0.020754 seconds .

========================================================================
Received Import Request.
  Time since last request: 0.001939 seconds.
  path: Assets/Scenes/EndGameMenu.unity
  artifactKey: Guid(5cba41bd049adbf4dbf16c39e76be10f) Importer(815301076,1909f56bfc062723c751e8b465ee728b)
Start importing Assets/Scenes/EndGameMenu.unity using Guid(5cba41bd049adbf4dbf16c39e76be10f) Importer(815301076,1909f56bfc062723c751e8b465ee728b)  -> (artifact id: '0ad49de288fee0c4515b52e6d7734e99') in 0.010477 seconds
  Import took 0.023900 seconds .

========================================================================
Received Prepare
Registering precompiled user dll's ...
Registered in 0.015270 seconds.
Begin MonoManager ReloadAssembly
Native extension for WindowsStandalone target not found
Refreshing native plugins compatible for Editor in 1.99 ms, found 1 plugins.
Preloading 0 native plugins for Editor in 0.00 ms.
Invoked RoslynAnalysisRunner static constructor.
RoslynAnalysisRunner will not be running.
RoslynAnalysisRunner has terminated.
Mono: successfully reloaded assembly
- Completed reload, in  3.231 seconds
Platform modules already initialized, skipping
Shader 'Universal Render Pipeline/Particles/Lit': fallback shader 'Universal Render Pipeline/Particles/SimpleLit' not found
Refreshing native plugins compatible for Editor in 0.98 ms, found 1 plugins.
Preloading 0 native plugins for Editor in 0.00 ms.
Unloading 2885 Unused Serialized files (Serialized files now loaded: 0)
System memory in use before: 128.5 MB.
System memory in use after: 128.6 MB.

Unloading 13 unused Assets to reduce memory usage. Loaded Objects now: 3465.
Total: 12.743000 ms (FindLiveObjects: 2.147800 ms CreateObjectMapping: 1.135800 ms MarkObjects: 9.019600 ms  DeleteObjects: 0.431200 ms)

========================================================================
Received Import Request.
  Time since last request: 137.822088 seconds.
  path: Assets/Scripts/BattleManager.cs
  artifactKey: Guid(9b8d7b3471fa9e44abd3b832e6cf86a1) Importer(815301076,1909f56bfc062723c751e8b465ee728b)
Start importing Assets/Scripts/BattleManager.cs using Guid(9b8d7b3471fa9e44abd3b832e6cf86a1) Importer(815301076,1909f56bfc062723c751e8b465ee728b)  -> (artifact id: '9368723094a940e70ebfeb24f74fb666') in 0.141323 seconds
  Import took 0.146574 seconds .

========================================================================
Received Prepare
Registering precompiled user dll's ...
Registered in 0.006084 seconds.
Begin MonoManager ReloadAssembly
Native extension for WindowsStandalone target not found
Refreshing native plugins compatible for Editor in 1.65 ms, found 1 plugins.
Preloading 0 native plugins for Editor in 0.00 ms.
Invoked RoslynAnalysisRunner static constructor.
RoslynAnalysisRunner will not be running.
RoslynAnalysisRunner has terminated.
Mono: successfully reloaded assembly
- Completed reload, in  3.677 seconds
Platform modules already initialized, skipping
Shader 'Universal Render Pipeline/Particles/Lit': fallback shader 'Universal Render Pipeline/Particles/SimpleLit' not found
Refreshing native plugins compatible for Editor in 4.05 ms, found 1 plugins.
Preloading 0 native plugins for Editor in 0.00 ms.
Unloading 2885 Unused Serialized files (Serialized files now loaded: 0)
System memory in use before: 128.6 MB.
System memory in use after: 128.7 MB.

Unloading 13 unused Assets to reduce memory usage. Loaded Objects now: 3469.
Total: 15.160100 ms (FindLiveObjects: 2.005000 ms CreateObjectMapping: 0.897100 ms MarkObjects: 11.965800 ms  DeleteObjects: 0.286800 ms)

AssetImportWorkerClient::OnTransportError - code=2 error=End of file
